  main.cpp
c:\users\tkimu\documents\visual studio 2015\projects\tsubasa\tsubasa\hanchorobotcommand.h(130): warning C4305: 'return': 'int' から 'bool' へ切り詰めます。
c:\users\tkimu\documents\visual studio 2015\projects\tsubasa\tsubasa\hanchorobotcommand.h(189): warning C4244: '引数': 'double' から 'int' への変換です。データが失われる可能性があります。
c:\users\tkimu\documents\visual studio 2015\projects\tsubasa\tsubasa\hanchorobotcommand.h(190): warning C4244: '引数': 'double' から 'int' への変換です。データが失われる可能性があります。
c:\users\tkimu\documents\visual studio 2015\projects\tsubasa\tsubasa\hanchorobotcommand.h(191): warning C4244: '引数': 'double' から 'int' への変換です。データが失われる可能性があります。
c:\users\tkimu\documents\visual studio 2015\projects\tsubasa\tsubasa\hanchorobotcommand.h(192): warning C4244: '引数': 'double' から 'int' への変換です。データが失われる可能性があります。
c:\users\tkimu\documents\visual studio 2015\projects\tsubasa\tsubasa\hanchorobotcommand.h(193): warning C4244: '引数': 'double' から 'int' への変換です。データが失われる可能性があります。
c:\users\tkimu\documents\visual studio 2015\projects\tsubasa\tsubasa\hanchorobotcommand.h(194): warning C4244: '引数': 'double' から 'int' への変換です。データが失われる可能性があります。
c:\users\tkimu\documents\visual studio 2015\projects\tsubasa\tsubasa\hanchorobotcommand.h(195): warning C4244: '引数': 'double' から 'int' への変換です。データが失われる可能性があります。
c:\users\tkimu\documents\visual studio 2015\projects\tsubasa\tsubasa\hanchorobotcommand.h(196): warning C4244: '引数': 'double' から 'int' への変換です。データが失われる可能性があります。
c:\users\tkimu\documents\visual studio 2015\projects\tsubasa\tsubasa\hanchorobotcommand.h(197): warning C4244: '引数': 'double' から 'int' への変換です。データが失われる可能性があります。
c:\users\tkimu\documents\visual studio 2015\projects\tsubasa\tsubasa\hanchorobotcommand.h(198): warning C4244: '引数': 'double' から 'int' への変換です。データが失われる可能性があります。
c:\users\tkimu\documents\visual studio 2015\projects\tsubasa\tsubasa\hanchorobotcommand.h(365): warning C4244: '引数': 'double' から 'int' への変換です。データが失われる可能性があります。
c:\users\tkimu\documents\visual studio 2015\projects\tsubasa\tsubasa\hanchorobotcommand.h(432): warning C4244: '引数': 'double' から 'int' への変換です。データが失われる可能性があります。
c:\users\tkimu\documents\visual studio 2015\projects\tsubasa\tsubasa\hanchorobotcommand.h(434): warning C4244: '引数': 'double' から 'int' への変換です。データが失われる可能性があります。
c:\users\tkimu\documents\visual studio 2015\projects\tsubasa\tsubasa\hanchorobotcommand.h(436): warning C4244: '引数': 'double' から 'int' への変換です。データが失われる可能性があります。
c:\users\tkimu\documents\visual studio 2015\projects\tsubasa\tsubasa\hanchorobotcommand.h(438): warning C4244: '引数': 'double' から 'int' への変換です。データが失われる可能性があります。
c:\users\tkimu\documents\visual studio 2015\projects\tsubasa\tsubasa\hanchorobotcommand.h(326): warning C4102: 'Mode0': ラベルは 1 度も参照されません。
c:\users\tkimu\documents\visual studio 2015\projects\tsubasa\tsubasa\commandgraph.h(30): warning C4473: 'fscanf_s': 書式文字列として渡された引数が不足しています
  c:\users\tkimu\documents\visual studio 2015\projects\tsubasa\tsubasa\commandgraph.h(30): note: プレースホルダーとそのパラメーターには 2 の可変個引数が必要ですが、1 が指定されています。
  c:\users\tkimu\documents\visual studio 2015\projects\tsubasa\tsubasa\commandgraph.h(30): note: 不足している可変個引数 2 が書式文字列 '%s' に必要です
  c:\users\tkimu\documents\visual studio 2015\projects\tsubasa\tsubasa\commandgraph.h(30): note: この引数はバッファー サイズとして使用されます
c:\users\tkimu\documents\visual studio 2015\projects\tsubasa\tsubasa\commandgraph.h(32): warning C4477: 'fscanf_s' : 書式文字列 '%[^,]' には、型 'unsigned int' の引数が必要ですが、可変個引数 3 は型 'int *' です
  c:\users\tkimu\documents\visual studio 2015\projects\tsubasa\tsubasa\commandgraph.h(32): note: この引数はバッファー サイズとして使用されます
c:\users\tkimu\documents\visual studio 2015\projects\tsubasa\tsubasa\commandgraph.h(32): warning C4473: 'fscanf_s': 書式文字列として渡された引数が不足しています
  c:\users\tkimu\documents\visual studio 2015\projects\tsubasa\tsubasa\commandgraph.h(32): note: プレースホルダーとそのパラメーターには 5 の可変個引数が必要ですが、4 が指定されています。
  c:\users\tkimu\documents\visual studio 2015\projects\tsubasa\tsubasa\commandgraph.h(32): note: 不足している可変個引数 5 が書式文字列 '%d' に必要です
c:\users\tkimu\documents\visual studio 2015\projects\tsubasa\tsubasa\main.cpp(16): warning C4101: 'index': ローカル変数は 1 度も使われていません。
c:\users\tkimu\documents\visual studio 2015\projects\tsubasa\tsubasa\commandgraph.h(157): warning C4715: 'Command_Graph::DoOneStep': 値を返さないコントロール パスがあります。
  Tsubasa.vcxproj -> C:\Users\tkimu\documents\visual studio 2015\Projects\Tsubasa\Debug\Tsubasa.exe
  Tsubasa.vcxproj -> C:\Users\tkimu\documents\visual studio 2015\Projects\Tsubasa\Debug\Tsubasa.pdb (Partial PDB)
